TpTrace Verbose: 0 : 48900, 1, 2021/07/20, 19:13:56.607, 16592235480180, vstest.console.dll, Version: 16.9.4
TpTrace Information: 0 : 48900, 1, 2021/07/20, 19:13:56.624, 16592235644659, vstest.console.dll, FilePatternParser: The given file C:\Users\kspk1\OneDrive\Desktop\Jagadish\CTS\new\TreatmentMicroservice\TreatmentMicroserviceTesting\bin\Debug\netcoreapp3.1\fine-code-coverage\build-output\TreatmentMicroserviceTesting.dll is a full path.
TpTrace Verbose: 0 : 48900, 1, 2021/07/20, 19:13:56.636, 16592235756002, vstest.console.dll, TestPluginCache.DiscoverTestExtensions: finding test extensions in assemblies ends with: RuntimeProvider.dll TPluginInfo: Microsoft.VisualStudio.TestPlatform.Common.ExtensionFramework.Utilities.TestRuntimePluginInformation TExtension: Microsoft.VisualStudio.TestPlatform.ObjectModel.Host.ITestRuntimeProvider
TpTrace Verbose: 0 : 48900, 1, 2021/07/20, 19:13:56.636, 16592235764112, vstest.console.dll, TestPluginCache.GetExtensionPaths: Filtered extension paths: 
TpTrace Verbose: 0 : 48900, 1, 2021/07/20, 19:13:56.637, 16592235766023, vstest.console.dll, TestPluginCache.GetExtensionPaths: Added default extension paths: C:\Program Files\dotnet\sdk\5.0.203\Extensions\Microsoft.Diagnostics.NETCore.Client.dll
C:\Program Files\dotnet\sdk\5.0.203\Extensions\Microsoft.TestPlatform.Extensions.BlameDataCollector.dll
C:\Program Files\dotnet\sdk\5.0.203\Extensions\Microsoft.TestPlatform.Extensions.EventLogCollector.dll
C:\Program Files\dotnet\sdk\5.0.203\Extensions\Microsoft.TestPlatform.TestHostRuntimeProvider.dll
C:\Program Files\dotnet\sdk\5.0.203\Extensions\Microsoft.VisualStudio.TestPlatform.Extensions.Html.TestLogger.dll
C:\Program Files\dotnet\sdk\5.0.203\Extensions\Microsoft.VisualStudio.TestPlatform.Extensions.Trx.TestLogger.dll
TpTrace Verbose: 0 : 48900, 1, 2021/07/20, 19:13:56.637, 16592235767363, vstest.console.dll, TestPluginCache.GetExtensionPaths: Added unfilterableExtensionPaths: 
TpTrace Information: 0 : 48900, 1, 2021/07/20, 19:13:56.638, 16592235776207, vstest.console.dll, AssemblyResolver.ctor: Creating AssemblyResolver with searchDirectories C:\Program Files\dotnet\sdk\5.0.203\Extensions,C:\Program Files\dotnet\sdk\5.0.203
TpTrace Verbose: 0 : 48900, 1, 2021/07/20, 19:13:56.639, 16592235791035, vstest.console.dll, TestPluginCache.DiscoverTestExtensions: Discovering the extensions using extension path.
TpTrace Verbose: 0 : 48900, 1, 2021/07/20, 19:13:56.639, 16592235794282, vstest.console.dll, TestPluginCache.GetExtensionPaths: Filtered extension paths: 
TpTrace Verbose: 0 : 48900, 1, 2021/07/20, 19:13:56.640, 16592235796007, vstest.console.dll, TestPluginCache.GetExtensionPaths: Added default extension paths: C:\Program Files\dotnet\sdk\5.0.203\Extensions\Microsoft.Diagnostics.NETCore.Client.dll
C:\Program Files\dotnet\sdk\5.0.203\Extensions\Microsoft.TestPlatform.Extensions.BlameDataCollector.dll
C:\Program Files\dotnet\sdk\5.0.203\Extensions\Microsoft.TestPlatform.Extensions.EventLogCollector.dll
C:\Program Files\dotnet\sdk\5.0.203\Extensions\Microsoft.TestPlatform.TestHostRuntimeProvider.dll
C:\Program Files\dotnet\sdk\5.0.203\Extensions\Microsoft.VisualStudio.TestPlatform.Extensions.Html.TestLogger.dll
C:\Program Files\dotnet\sdk\5.0.203\Extensions\Microsoft.VisualStudio.TestPlatform.Extensions.Trx.TestLogger.dll
TpTrace Verbose: 0 : 48900, 1, 2021/07/20, 19:13:56.640, 16592235797336, vstest.console.dll, TestPluginCache.GetExtensionPaths: Added unfilterableExtensionPaths: 
TpTrace Verbose: 0 : 48900, 1, 2021/07/20, 19:13:56.640, 16592235798898, vstest.console.dll, TestPluginCache.DiscoverTestExtensions: Discovering the extensions using allExtensionPaths: C:\Program Files\dotnet\sdk\5.0.203\Extensions\Microsoft.Diagnostics.NETCore.Client.dll
C:\Program Files\dotnet\sdk\5.0.203\Extensions\Microsoft.TestPlatform.Extensions.BlameDataCollector.dll
C:\Program Files\dotnet\sdk\5.0.203\Extensions\Microsoft.TestPlatform.Extensions.EventLogCollector.dll
C:\Program Files\dotnet\sdk\5.0.203\Extensions\Microsoft.TestPlatform.TestHostRuntimeProvider.dll
C:\Program Files\dotnet\sdk\5.0.203\Extensions\Microsoft.VisualStudio.TestPlatform.Extensions.Html.TestLogger.dll
C:\Program Files\dotnet\sdk\5.0.203\Extensions\Microsoft.VisualStudio.TestPlatform.Extensions.Trx.TestLogger.dll
TpTrace Information: 0 : 48900, 1, 2021/07/20, 19:13:56.640, 16592235801406, vstest.console.dll, AssemblyResolver.AddSearchDirectories: Adding more searchDirectories C:\Program Files\dotnet\sdk\5.0.203\Extensions,C:\Program Files\dotnet\sdk\5.0.203
TpTrace Information: 0 : 48900, 1, 2021/07/20, 19:13:56.640, 16592235802837, vstest.console.dll, AssemblyResolver.AddSearchDirectories: Adding more searchDirectories C:\Program Files\dotnet\sdk\5.0.203\Extensions,C:\Program Files\dotnet\sdk\5.0.203
TpTrace Information: 0 : 48900, 1, 2021/07/20, 19:13:56.640, 16592235803974, vstest.console.dll, AssemblyResolver.AddSearchDirectories: Adding more searchDirectories C:\Program Files\dotnet\sdk\5.0.203\Extensions,C:\Program Files\dotnet\sdk\5.0.203
TpTrace Information: 0 : 48900, 1, 2021/07/20, 19:13:56.641, 16592235805077, vstest.console.dll, AssemblyResolver.AddSearchDirectories: Adding more searchDirectories C:\Program Files\dotnet\sdk\5.0.203\Extensions,C:\Program Files\dotnet\sdk\5.0.203
TpTrace Information: 0 : 48900, 1, 2021/07/20, 19:13:56.641, 16592235806107, vstest.console.dll, AssemblyResolver.AddSearchDirectories: Adding more searchDirectories C:\Program Files\dotnet\sdk\5.0.203\Extensions,C:\Program Files\dotnet\sdk\5.0.203
TpTrace Information: 0 : 48900, 1, 2021/07/20, 19:13:56.641, 16592235807207, vstest.console.dll, AssemblyResolver.AddSearchDirectories: Adding more searchDirectories C:\Program Files\dotnet\sdk\5.0.203\Extensions,C:\Program Files\dotnet\sdk\5.0.203
TpTrace Information: 0 : 48900, 1, 2021/07/20, 19:13:56.641, 16592235813149, vstest.console.dll, AssemblyResolver.OnResolve: Microsoft.Diagnostics.NETCore.Client: Resolving assembly.
TpTrace Information: 0 : 48900, 1, 2021/07/20, 19:13:56.643, 16592235833788, vstest.console.dll, AssemblyResolver.OnResolve: Resolved assembly: Microsoft.Diagnostics.NETCore.Client, from path: C:\Program Files\dotnet\sdk\5.0.203\Extensions\Microsoft.Diagnostics.NETCore.Client.dll
TpTrace Information: 0 : 48900, 1, 2021/07/20, 19:13:56.647, 16592235867173, vstest.console.dll, AssemblyResolver.OnResolve: Microsoft.Bcl.AsyncInterfaces: Resolving assembly.
TpTrace Information: 0 : 48900, 1, 2021/07/20, 19:13:56.647, 16592235870728, vstest.console.dll, AssemblyResolver.OnResolve: Microsoft.Bcl.AsyncInterfaces: Failed to load assembly.
TpTrace Verbose: 0 : 48900, 1, 2021/07/20, 19:13:56.647, 16592235872028, vstest.console.dll, CurrentDomain_AssemblyResolve: Resolving assembly 'Microsoft.Bcl.AsyncInterfaces'.
TpTrace Information: 0 : 48900, 1, 2021/07/20, 19:13:56.647, 16592235873443, vstest.console.dll, AssemblyResolver.OnResolve: Microsoft.Bcl.AsyncInterfaces: Resolving assembly.
TpTrace Information: 0 : 48900, 1, 2021/07/20, 19:13:56.647, 16592235874661, vstest.console.dll, AssemblyResolver.OnResolve: Microsoft.Bcl.AsyncInterfaces: Resolved from cache.
TpTrace Verbose: 0 : 48900, 1, 2021/07/20, 19:13:56.648, 16592235875726, vstest.console.dll, CurrentDomain_AssemblyResolve: Resolving assembly 'Microsoft.Bcl.AsyncInterfaces'.
TpTrace Verbose: 0 : 48900, 1, 2021/07/20, 19:13:56.648, 16592235877017, vstest.console.dll, CurrentDomainAssemblyResolve: Failed to resolve assembly 'Microsoft.Bcl.AsyncInterfaces'.
TpTrace Verbose: 0 : 48900, 1, 2021/07/20, 19:13:56.649, 16592235887130, vstest.console.dll, CurrentDomainAssemblyResolve: Failed to resolve assembly 'Microsoft.Bcl.AsyncInterfaces'.
TpTrace Warning: 0 : 48900, 1, 2021/07/20, 19:13:56.667, 16592236073961, vstest.console.dll, TestPluginDiscoverer: Failed to get types from assembly 'Microsoft.Diagnostics.NETCore.Client, Version=0.2.2.41902, Culture=neutral, PublicKeyToken=31bf3856ad364e35'.  Skipping test extension scan for this assembly.  Error: System.Reflection.ReflectionTypeLoadException: Unable to load one or more of the requested types.
Could not load file or assembly 'Microsoft.Bcl.AsyncInterfaces, Version=1.0.0.0, Culture=neutral, PublicKeyToken=cc7b13ffcd2ddd51'. The system cannot find the file specified.
   at System.Reflection.RuntimeModule.GetTypes(RuntimeModule module)
   at System.Reflection.RuntimeModule.GetTypes()
   at System.Reflection.Assembly.GetTypes()
   at Microsoft.VisualStudio.TestPlatform.Common.ExtensionFramework.TestPluginDiscoverer.GetTestExtensionsFromAssembly[TPluginInfo,TExtension](Assembly assembly, Dictionary`2 pluginInfos)
System.IO.FileNotFoundException: Could not load file or assembly 'Microsoft.Bcl.AsyncInterfaces, Version=1.0.0.0, Culture=neutral, PublicKeyToken=cc7b13ffcd2ddd51'. The system cannot find the file specified.
File name: 'Microsoft.Bcl.AsyncInterfaces, Version=1.0.0.0, Culture=neutral, PublicKeyToken=cc7b13ffcd2ddd51'
TpTrace Warning: 0 : 48900, 1, 2021/07/20, 19:13:56.668, 16592236076930, vstest.console.dll, LoaderExceptions: System.IO.FileNotFoundException: Could not load file or assembly 'Microsoft.Bcl.AsyncInterfaces, Version=1.0.0.0, Culture=neutral, PublicKeyToken=cc7b13ffcd2ddd51'. The system cannot find the file specified.
File name: 'Microsoft.Bcl.AsyncInterfaces, Version=1.0.0.0, Culture=neutral, PublicKeyToken=cc7b13ffcd2ddd51'
TpTrace Information: 0 : 48900, 1, 2021/07/20, 19:13:56.668, 16592236079207, vstest.console.dll, AssemblyResolver.OnResolve: Microsoft.TestPlatform.Extensions.BlameDataCollector: Resolving assembly.
TpTrace Information: 0 : 48900, 1, 2021/07/20, 19:13:56.670, 16592236095858, vstest.console.dll, AssemblyResolver.OnResolve: Resolved assembly: Microsoft.TestPlatform.Extensions.BlameDataCollector, from path: C:\Program Files\dotnet\sdk\5.0.203\Extensions\Microsoft.TestPlatform.Extensions.BlameDataCollector.dll
TpTrace Information: 0 : 48900, 1, 2021/07/20, 19:13:56.670, 16592236103817, vstest.console.dll, AssemblyResolver.OnResolve: Microsoft.TestPlatform.Extensions.EventLogCollector: Resolving assembly.
TpTrace Information: 0 : 48900, 1, 2021/07/20, 19:13:56.673, 16592236125068, vstest.console.dll, AssemblyResolver.OnResolve: Resolved assembly: Microsoft.TestPlatform.Extensions.EventLogCollector, from path: C:\Program Files\dotnet\sdk\5.0.203\Extensions\Microsoft.TestPlatform.Extensions.EventLogCollector.dll
TpTrace Information: 0 : 48900, 1, 2021/07/20, 19:13:56.676, 16592236161245, vstest.console.dll, AssemblyResolver.OnResolve: Microsoft.TestPlatform.TestHostRuntimeProvider: Resolving assembly.
TpTrace Information: 0 : 48900, 1, 2021/07/20, 19:13:56.678, 16592236175753, vstest.console.dll, AssemblyResolver.OnResolve: Resolved assembly: Microsoft.TestPlatform.TestHostRuntimeProvider, from path: C:\Program Files\dotnet\sdk\5.0.203\Extensions\Microsoft.TestPlatform.TestHostRuntimeProvider.dll
TpTrace Information: 0 : 48900, 1, 2021/07/20, 19:13:56.680, 16592236198269, vstest.console.dll, AssemblyResolver.OnResolve: Microsoft.VisualStudio.TestPlatform.Extensions.Html.TestLogger: Resolving assembly.
TpTrace Information: 0 : 48900, 1, 2021/07/20, 19:13:56.681, 16592236214789, vstest.console.dll, AssemblyResolver.OnResolve: Resolved assembly: Microsoft.VisualStudio.TestPlatform.Extensions.Html.TestLogger, from path: C:\Program Files\dotnet\sdk\5.0.203\Extensions\Microsoft.VisualStudio.TestPlatform.Extensions.Html.TestLogger.dll
TpTrace Information: 0 : 48900, 1, 2021/07/20, 19:13:56.682, 16592236219692, vstest.console.dll, AssemblyResolver.OnResolve: Microsoft.VisualStudio.TestPlatform.Extensions.Trx.TestLogger: Resolving assembly.
TpTrace Information: 0 : 48900, 1, 2021/07/20, 19:13:56.684, 16592236235134, vstest.console.dll, AssemblyResolver.OnResolve: Resolved assembly: Microsoft.VisualStudio.TestPlatform.Extensions.Trx.TestLogger, from path: C:\Program Files\dotnet\sdk\5.0.203\Extensions\Microsoft.VisualStudio.TestPlatform.Extensions.Trx.TestLogger.dll
TpTrace Verbose: 0 : 48900, 1, 2021/07/20, 19:13:56.684, 16592236242405, vstest.console.dll, TestPluginCache: Discovered the extensions using extension path ''.
TpTrace Verbose: 0 : 48900, 1, 2021/07/20, 19:13:56.684, 16592236243818, vstest.console.dll, TestPluginCache: Discoverers are ''.
TpTrace Verbose: 0 : 48900, 1, 2021/07/20, 19:13:56.685, 16592236244919, vstest.console.dll, TestPluginCache: Executors are ''.
TpTrace Verbose: 0 : 48900, 1, 2021/07/20, 19:13:56.685, 16592236246024, vstest.console.dll, TestPluginCache: Executors2 are ''.
TpTrace Verbose: 0 : 48900, 1, 2021/07/20, 19:13:56.685, 16592236247045, vstest.console.dll, TestPluginCache: Setting providers are ''.
TpTrace Verbose: 0 : 48900, 1, 2021/07/20, 19:13:56.685, 16592236248060, vstest.console.dll, TestPluginCache: Loggers are ''.
TpTrace Information: 0 : 48900, 1, 2021/07/20, 19:13:56.690, 16592236301281, vstest.console.dll, RunTestsArgumentProcessor:Execute: Test run is starting.
TpTrace Verbose: 0 : 48900, 1, 2021/07/20, 19:13:56.690, 16592236302949, vstest.console.dll, RunTestsArgumentProcessor:Execute: Queuing Test run.
TpTrace Information: 0 : 48900, 1, 2021/07/20, 19:13:56.691, 16592236306056, vstest.console.dll, TestRequestManager.RunTests: run tests started.
TpTrace Information: 0 : 48900, 1, 2021/07/20, 19:13:56.694, 16592236340873, vstest.console.dll, AssemblyMetadataProvider.GetFrameWork: Determined framework:'.NETCoreApp,Version=v3.1' for source: 'C:\Users\kspk1\OneDrive\Desktop\Jagadish\CTS\new\TreatmentMicroservice\TreatmentMicroserviceTesting\bin\Debug\netcoreapp3.1\fine-code-coverage\build-output\TreatmentMicroserviceTesting.dll'
TpTrace Information: 0 : 48900, 1, 2021/07/20, 19:13:56.694, 16592236343669, vstest.console.dll, Determined framework for all sources: .NETCoreApp,Version=v3.1
TpTrace Information: 0 : 48900, 1, 2021/07/20, 19:13:56.695, 16592236349028, vstest.console.dll, AssemblyMetadataProvider.GetArchitecture: Determined architecture:AnyCPU info for assembly: C:\Users\kspk1\OneDrive\Desktop\Jagadish\CTS\new\TreatmentMicroservice\TreatmentMicroserviceTesting\bin\Debug\netcoreapp3.1\fine-code-coverage\build-output\TreatmentMicroserviceTesting.dll
TpTrace Information: 0 : 48900, 1, 2021/07/20, 19:13:56.697, 16592236370622, vstest.console.dll, Determined platform for all sources: X64
TpTrace Information: 0 : 48900, 1, 2021/07/20, 19:13:56.700, 16592236403659, vstest.console.dll, Compatible sources list : 
TpTrace Information: 0 : 48900, 1, 2021/07/20, 19:13:56.701, 16592236405595, vstest.console.dll, C:\Users\kspk1\OneDrive\Desktop\Jagadish\CTS\new\TreatmentMicroservice\TreatmentMicroserviceTesting\bin\Debug\netcoreapp3.1\fine-code-coverage\build-output\TreatmentMicroserviceTesting.dll
TpTrace Information: 0 : 48900, 1, 2021/07/20, 19:13:56.703, 16592236430002, vstest.console.dll, InferRunSettingsHelper.IsTestSettingsEnabled: Unable to navigate to RunSettings/MSTest. Current node: RunSettings
TpTrace Information: 0 : 48900, 1, 2021/07/20, 19:13:56.704, 16592236441937, vstest.console.dll, AssemblyResolver.OnResolve: Microsoft.VisualStudio.TestPlatform.Fakes: Resolving assembly.
TpTrace Information: 0 : 48900, 1, 2021/07/20, 19:13:56.705, 16592236446047, vstest.console.dll, AssemblyResolver.OnResolve: Microsoft.VisualStudio.TestPlatform.Fakes: Failed to load assembly.
TpTrace Information: 0 : 48900, 1, 2021/07/20, 19:13:56.705, 16592236452499, vstest.console.dll, Failed to create newly implemented Fakes Configurator. Reason:System.IO.FileNotFoundException: Could not load file or assembly 'Microsoft.VisualStudio.TestPlatform.Fakes, Version=16.0.0.0, Culture=neutral, PublicKeyToken=null'. The system cannot find the file specified.
File name: 'Microsoft.VisualStudio.TestPlatform.Fakes, Version=16.0.0.0, Culture=neutral, PublicKeyToken=null'
   at System.Reflection.RuntimeAssembly.InternalLoad(ObjectHandleOnStack assemblyName, ObjectHandleOnStack requestingAssembly, StackCrawlMarkHandle stackMark, Boolean throwOnFileNotFound, ObjectHandleOnStack assemblyLoadContext, ObjectHandleOnStack retAssembly)
   at System.Reflection.RuntimeAssembly.InternalLoad(AssemblyName assemblyName, RuntimeAssembly requestingAssembly, StackCrawlMark& stackMark, Boolean throwOnFileNotFound, AssemblyLoadContext assemblyLoadContext)
   at System.Reflection.Assembly.Load(AssemblyName assemblyRef)
   at Microsoft.VisualStudio.TestPlatform.Common.Utilities.FakesUtilities.TryGetFakesCrossPlatformDataCollectorConfigurator() 
TpTrace Verbose: 0 : 48900, 1, 2021/07/20, 19:13:56.709, 16592236492956, vstest.console.dll, TestPluginCache.DiscoverTestExtensions: finding test extensions in assemblies ends with: TestLogger.dll TPluginInfo: Microsoft.VisualStudio.TestPlatform.Common.ExtensionFramework.Utilities.TestLoggerPluginInformation TExtension: Microsoft.VisualStudio.TestPlatform.ObjectModel.Client.ITestLogger
TpTrace Verbose: 0 : 48900, 1, 2021/07/20, 19:13:56.709, 16592236494788, vstest.console.dll, TestPluginCache.GetExtensionPaths: Filtered extension paths: 
TpTrace Verbose: 0 : 48900, 1, 2021/07/20, 19:13:56.710, 16592236496194, vstest.console.dll, TestPluginCache.GetExtensionPaths: Added default extension paths: C:\Program Files\dotnet\sdk\5.0.203\Extensions\Microsoft.Diagnostics.NETCore.Client.dll
C:\Program Files\dotnet\sdk\5.0.203\Extensions\Microsoft.TestPlatform.Extensions.BlameDataCollector.dll
C:\Program Files\dotnet\sdk\5.0.203\Extensions\Microsoft.TestPlatform.Extensions.EventLogCollector.dll
C:\Program Files\dotnet\sdk\5.0.203\Extensions\Microsoft.TestPlatform.TestHostRuntimeProvider.dll
C:\Program Files\dotnet\sdk\5.0.203\Extensions\Microsoft.VisualStudio.TestPlatform.Extensions.Html.TestLogger.dll
C:\Program Files\dotnet\sdk\5.0.203\Extensions\Microsoft.VisualStudio.TestPlatform.Extensions.Trx.TestLogger.dll
TpTrace Verbose: 0 : 48900, 1, 2021/07/20, 19:13:56.710, 16592236497330, vstest.console.dll, TestPluginCache.GetExtensionPaths: Added unfilterableExtensionPaths: 
TpTrace Information: 0 : 48900, 1, 2021/07/20, 19:13:56.710, 16592236499825, vstest.console.dll, AssemblyResolver.AddSearchDirectories: Adding more searchDirectories C:\Program Files\dotnet\sdk\5.0.203\Extensions,C:\Program Files\dotnet\sdk\5.0.203
TpTrace Verbose: 0 : 48900, 1, 2021/07/20, 19:13:56.710, 16592236501127, vstest.console.dll, TestPluginCache.DiscoverTestExtensions: Discovering the extensions using extension path.
TpTrace Verbose: 0 : 48900, 1, 2021/07/20, 19:13:56.710, 16592236502247, vstest.console.dll, TestPluginCache.GetExtensionPaths: Filtered extension paths: 
TpTrace Verbose: 0 : 48900, 1, 2021/07/20, 19:13:56.710, 16592236503344, vstest.console.dll, TestPluginCache.GetExtensionPaths: Added default extension paths: C:\Program Files\dotnet\sdk\5.0.203\Extensions\Microsoft.Diagnostics.NETCore.Client.dll
C:\Program Files\dotnet\sdk\5.0.203\Extensions\Microsoft.TestPlatform.Extensions.BlameDataCollector.dll
C:\Program Files\dotnet\sdk\5.0.203\Extensions\Microsoft.TestPlatform.Extensions.EventLogCollector.dll
C:\Program Files\dotnet\sdk\5.0.203\Extensions\Microsoft.TestPlatform.TestHostRuntimeProvider.dll
C:\Program Files\dotnet\sdk\5.0.203\Extensions\Microsoft.VisualStudio.TestPlatform.Extensions.Html.TestLogger.dll
C:\Program Files\dotnet\sdk\5.0.203\Extensions\Microsoft.VisualStudio.TestPlatform.Extensions.Trx.TestLogger.dll
TpTrace Verbose: 0 : 48900, 1, 2021/07/20, 19:13:56.710, 16592236504605, vstest.console.dll, TestPluginCache.GetExtensionPaths: Added unfilterableExtensionPaths: 
TpTrace Verbose: 0 : 48900, 1, 2021/07/20, 19:13:56.711, 16592236505803, vstest.console.dll, TestPluginCache.DiscoverTestExtensions: Discovering the extensions using allExtensionPaths: C:\Program Files\dotnet\sdk\5.0.203\Extensions\Microsoft.Diagnostics.NETCore.Client.dll
C:\Program Files\dotnet\sdk\5.0.203\Extensions\Microsoft.TestPlatform.Extensions.BlameDataCollector.dll
C:\Program Files\dotnet\sdk\5.0.203\Extensions\Microsoft.TestPlatform.Extensions.EventLogCollector.dll
C:\Program Files\dotnet\sdk\5.0.203\Extensions\Microsoft.TestPlatform.TestHostRuntimeProvider.dll
C:\Program Files\dotnet\sdk\5.0.203\Extensions\Microsoft.VisualStudio.TestPlatform.Extensions.Html.TestLogger.dll
C:\Program Files\dotnet\sdk\5.0.203\Extensions\Microsoft.VisualStudio.TestPlatform.Extensions.Trx.TestLogger.dll
TpTrace Information: 0 : 48900, 1, 2021/07/20, 19:13:56.711, 16592236507116, vstest.console.dll, AssemblyResolver.AddSearchDirectories: Adding more searchDirectories C:\Program Files\dotnet\sdk\5.0.203\Extensions,C:\Program Files\dotnet\sdk\5.0.203
TpTrace Information: 0 : 48900, 1, 2021/07/20, 19:13:56.711, 16592236508686, vstest.console.dll, AssemblyResolver.AddSearchDirectories: Adding more searchDirectories C:\Program Files\dotnet\sdk\5.0.203\Extensions,C:\Program Files\dotnet\sdk\5.0.203
TpTrace Information: 0 : 48900, 1, 2021/07/20, 19:13:56.711, 16592236509891, vstest.console.dll, AssemblyResolver.AddSearchDirectories: Adding more searchDirectories C:\Program Files\dotnet\sdk\5.0.203\Extensions,C:\Program Files\dotnet\sdk\5.0.203
TpTrace Information: 0 : 48900, 1, 2021/07/20, 19:13:56.711, 16592236511003, vstest.console.dll, AssemblyResolver.AddSearchDirectories: Adding more searchDirectories C:\Program Files\dotnet\sdk\5.0.203\Extensions,C:\Program Files\dotnet\sdk\5.0.203
TpTrace Information: 0 : 48900, 1, 2021/07/20, 19:13:56.711, 16592236512102, vstest.console.dll, AssemblyResolver.AddSearchDirectories: Adding more searchDirectories C:\Program Files\dotnet\sdk\5.0.203\Extensions,C:\Program Files\dotnet\sdk\5.0.203
TpTrace Information: 0 : 48900, 1, 2021/07/20, 19:13:56.711, 16592236513279, vstest.console.dll, AssemblyResolver.AddSearchDirectories: Adding more searchDirectories C:\Program Files\dotnet\sdk\5.0.203\Extensions,C:\Program Files\dotnet\sdk\5.0.203
TpTrace Information: 0 : 48900, 1, 2021/07/20, 19:13:56.712, 16592236516701, vstest.console.dll, AssemblyResolver.OnResolve: Microsoft.Bcl.AsyncInterfaces: Resolving assembly.
TpTrace Information: 0 : 48900, 1, 2021/07/20, 19:13:56.712, 16592236517947, vstest.console.dll, AssemblyResolver.OnResolve: Microsoft.Bcl.AsyncInterfaces: Resolved from cache.
TpTrace Verbose: 0 : 48900, 1, 2021/07/20, 19:13:56.712, 16592236519094, vstest.console.dll, CurrentDomain_AssemblyResolve: Resolving assembly 'Microsoft.Bcl.AsyncInterfaces'.
TpTrace Information: 0 : 48900, 1, 2021/07/20, 19:13:56.712, 16592236520458, vstest.console.dll, AssemblyResolver.OnResolve: Microsoft.Bcl.AsyncInterfaces: Resolving assembly.
TpTrace Information: 0 : 48900, 1, 2021/07/20, 19:13:56.712, 16592236521636, vstest.console.dll, AssemblyResolver.OnResolve: Microsoft.Bcl.AsyncInterfaces: Resolved from cache.
TpTrace Verbose: 0 : 48900, 1, 2021/07/20, 19:13:56.712, 16592236522743, vstest.console.dll, CurrentDomain_AssemblyResolve: Resolving assembly 'Microsoft.Bcl.AsyncInterfaces'.
TpTrace Verbose: 0 : 48900, 1, 2021/07/20, 19:13:56.712, 16592236523820, vstest.console.dll, CurrentDomainAssemblyResolve: Failed to resolve assembly 'Microsoft.Bcl.AsyncInterfaces'.
TpTrace Verbose: 0 : 48900, 1, 2021/07/20, 19:13:56.713, 16592236527267, vstest.console.dll, CurrentDomainAssemblyResolve: Failed to resolve assembly 'Microsoft.Bcl.AsyncInterfaces'.
TpTrace Warning: 0 : 48900, 1, 2021/07/20, 19:13:56.713, 16592236533433, vstest.console.dll, TestPluginDiscoverer: Failed to get types from assembly 'Microsoft.Diagnostics.NETCore.Client, Version=0.2.2.41902, Culture=neutral, PublicKeyToken=31bf3856ad364e35'.  Skipping test extension scan for this assembly.  Error: System.Reflection.ReflectionTypeLoadException: Unable to load one or more of the requested types.
Could not load file or assembly 'Microsoft.Bcl.AsyncInterfaces, Version=1.0.0.0, Culture=neutral, PublicKeyToken=cc7b13ffcd2ddd51'. The system cannot find the file specified.
   at System.Reflection.RuntimeModule.GetTypes(RuntimeModule module)
   at System.Reflection.RuntimeModule.GetTypes()
   at System.Reflection.Assembly.GetTypes()
   at Microsoft.VisualStudio.TestPlatform.Common.ExtensionFramework.TestPluginDiscoverer.GetTestExtensionsFromAssembly[TPluginInfo,TExtension](Assembly assembly, Dictionary`2 pluginInfos)
System.IO.FileNotFoundException: Could not load file or assembly 'Microsoft.Bcl.AsyncInterfaces, Version=1.0.0.0, Culture=neutral, PublicKeyToken=cc7b13ffcd2ddd51'. The system cannot find the file specified.
File name: 'Microsoft.Bcl.AsyncInterfaces, Version=1.0.0.0, Culture=neutral, PublicKeyToken=cc7b13ffcd2ddd51'
TpTrace Warning: 0 : 48900, 1, 2021/07/20, 19:13:56.714, 16592236534909, vstest.console.dll, LoaderExceptions: System.IO.FileNotFoundException: Could not load file or assembly 'Microsoft.Bcl.AsyncInterfaces, Version=1.0.0.0, Culture=neutral, PublicKeyToken=cc7b13ffcd2ddd51'. The system cannot find the file specified.
File name: 'Microsoft.Bcl.AsyncInterfaces, Version=1.0.0.0, Culture=neutral, PublicKeyToken=cc7b13ffcd2ddd51'
TpTrace Verbose: 0 : 48900, 1, 2021/07/20, 19:13:56.714, 16592236540548, vstest.console.dll, TestPluginCache: Discovered the extensions using extension path ''.
TpTrace Verbose: 0 : 48900, 1, 2021/07/20, 19:13:56.714, 16592236541873, vstest.console.dll, TestPluginCache: Discoverers are ''.
TpTrace Verbose: 0 : 48900, 1, 2021/07/20, 19:13:56.714, 16592236542964, vstest.console.dll, TestPluginCache: Executors are ''.
TpTrace Verbose: 0 : 48900, 1, 2021/07/20, 19:13:56.714, 16592236544025, vstest.console.dll, TestPluginCache: Executors2 are ''.
TpTrace Verbose: 0 : 48900, 1, 2021/07/20, 19:13:56.715, 16592236545205, vstest.console.dll, TestPluginCache: Setting providers are ''.
TpTrace Verbose: 0 : 48900, 1, 2021/07/20, 19:13:56.715, 16592236546752, vstest.console.dll, TestPluginCache: Loggers are 'logger://Microsoft/TestPlatform/Extensions/Blame/v1,logger://Microsoft/TestPlatform/HtmlLogger/v1,logger://Microsoft/TestPlatform/TrxLogger/v1'.
TpTrace Information: 0 : 48900, 1, 2021/07/20, 19:13:56.716, 16592236554999, vstest.console.dll, TestPluginManager.CreateTestExtension: Attempting to load test extension: Microsoft.TestPlatform.Extensions.BlameDataCollector.BlameLogger
TpTrace Information: 0 : 48900, 1, 2021/07/20, 19:13:56.727, 16592236668062, vstest.console.dll, TestPluginManager.CreateTestExtension: Attempting to load test extension: Microsoft.VisualStudio.TestPlatform.CrossPlatEngine.Hosting.DefaultTestHostManager
TpTrace Information: 0 : 48900, 1, 2021/07/20, 19:13:56.727, 16592236671976, vstest.console.dll, TestPluginManager.CreateTestExtension: Attempting to load test extension: Microsoft.VisualStudio.TestPlatform.CrossPlatEngine.Hosting.DotnetTestHostManager
TpTrace Verbose: 0 : 48900, 1, 2021/07/20, 19:13:56.728, 16592236678166, vstest.console.dll, TestEngine: Initializing Parallel Execution as MaxCpuCount is set to: 1
TpTrace Information: 0 : 48900, 1, 2021/07/20, 19:13:56.728, 16592236684036, vstest.console.dll, InferRunSettingsHelper.IsTestSettingsEnabled: Unable to navigate to RunSettings/MSTest. Current node: RunSettings
TpTrace Verbose: 0 : 48900, 1, 2021/07/20, 19:13:56.744, 16592236839308, vstest.console.dll, TestRequestSender is acting as server
TpTrace Verbose: 0 : 48900, 4, 2021/07/20, 19:13:56.747, 16592236874212, vstest.console.dll, DataCollectionRequestSender.InitializeCommunication : Initialize communication. 
TpTrace Information: 0 : 48900, 4, 2021/07/20, 19:13:56.766, 16592237063584, vstest.console.dll, Listening on Endpoint : 127.0.0.1:61993
TpTrace Verbose: 0 : 48900, 4, 2021/07/20, 19:13:56.781, 16592237207043, vstest.console.dll, DotnetDataCollectionLauncher: Full path of dotnet.exe is C:\Program Files\dotnet\dotnet.exe
TpTrace Verbose: 0 : 48900, 4, 2021/07/20, 19:13:56.781, 16592237209980, vstest.console.dll, DotnetDataCollectionLauncher: Adding  --runtimeconfig "C:\Program Files\dotnet\sdk\5.0.203\datacollector.runtimeconfig.json" in args
TpTrace Verbose: 0 : 48900, 4, 2021/07/20, 19:13:56.781, 16592237211962, vstest.console.dll, DotnetDataCollectionLauncher: Adding  --depsfile "C:\Program Files\dotnet\sdk\5.0.203\datacollector.deps.json" in args
TpTrace Information: 0 : 48900, 4, 2021/07/20, 19:13:56.793, 16592237329444, vstest.console.dll, ProxyDataCollectionManager.Initialize: Launched datacollector processId: 38140 port: 61993
TpTrace Information: 0 : 48900, 4, 2021/07/20, 19:13:56.793, 16592237332967, vstest.console.dll, ProxyDataCollectionManager.Initialize: waiting for connection with timeout: 90 seconds
TpTrace Verbose: 0 : 48900, 4, 2021/07/20, 19:13:56.794, 16592237335302, vstest.console.dll, DataCollectionRequestSender.WaitForRequestHandlerConnection : Waiting for connection with timeout: 90000
TpTrace Information: 0 : 48900, 7, 2021/07/20, 19:13:57.134, 16592240739061, vstest.console.dll, Using the buffer size of 16384 bytes
TpTrace Verbose: 0 : 48900, 4, 2021/07/20, 19:13:57.134, 16592240739501, vstest.console.dll, ProxyDataCollectionManager.InvokeDataCollectionServiceAction: Starting.
TpTrace Information: 0 : 48900, 7, 2021/07/20, 19:13:57.134, 16592240741343, vstest.console.dll, Accepted Client request and set the flag
TpTrace Information: 0 : 48900, 4, 2021/07/20, 19:13:57.134, 16592240743157, vstest.console.dll, ProxyDataCollectionManager.BeforeTestRunStart: Get environment variable and port for datacollector processId: 38140 port: 61993
TpTrace Verbose: 0 : 48900, 4, 2021/07/20, 19:13:57.135, 16592240747602, vstest.console.dll, DataCollectionRequestSender.SendBeforeTestRunStartAndGetResult : Send BeforeTestRunStart message with settingsXml <RunSettings><RunConfiguration><ResultsDirectory>C:\Users\kspk1\OneDrive\Desktop\Jagadish\CTS\new\TreatmentMicroservice\TreatmentMicroserviceTesting\bin\Debug\netcoreapp3.1\fine-code-coverage\coverage-tool-output</ResultsDirectory><TargetPlatform>X64</TargetPlatform><TargetFrameworkVersion>.NETCoreApp,Version=v3.1</TargetFrameworkVersion><DesignMode>False</DesignMode><CollectSourceInformation>False</CollectSourceInformation><TestAdaptersPaths>C:\Program Files\dotnet\sdk\5.0.203\Extensions</TestAdaptersPaths></RunConfiguration><LoggerRunSettings><Loggers><Logger friendlyName="blame" enabled="True" /><Logger friendlyName="Console" uri="logger://microsoft/TestPlatform/ConsoleLogger/v1" assemblyQualifiedName="Microsoft.VisualStudio.TestPlatform.CommandLine.Internal.ConsoleLogger, vstest.console, Version=15.0.0.0, Culture=neutral, PublicKeyToken=b03f5f7f11d50a3a" codeBase="C:\Program Files\dotnet\sdk\5.0.203\vstest.console.dll" enabled="True" /></Loggers></LoggerRunSettings><DataCollectionRunSettings><DataCollectors><DataCollector friendlyName="blame" enabled="True"><Configuration><ResultsDirectory>C:\Users\kspk1\OneDrive\Desktop\Jagadish\CTS\new\TreatmentMicroservice\TreatmentMicroserviceTesting\bin\Debug\netcoreapp3.1\fine-code-coverage\coverage-tool-output</ResultsDirectory></Configuration></DataCollector></DataCollectors></DataCollectionRunSettings></RunSettings> and sources System.Linq.Enumerable+Concat2Iterator`1[System.String]: 
TpTrace Verbose: 0 : 48900, 4, 2021/07/20, 19:13:57.243, 16592241828599, vstest.console.dll, DataCollectionRequestSender.SendBeforeTestRunStartAndGetResult : Received message: (DataCollection.SendMessage) -> {
  "FriendlyName": null,
  "Uri": null,
  "TestCaseId": "00000000-0000-0000-0000-000000000000",
  "Message": "Logging DataCollector Diagnostics in file: C:\\Users\\kspk1\\OneDrive\\Desktop\\Jagadish\\CTS\\new\\TreatmentMicroservice\\TreatmentMicroserviceTesting\\bin\\Debug\\netcoreapp3.1\\fine-code-coverage\\coverage-tool-output\\diagnostics.datacollector.21-07-20_19-13-56_77494_4.log",
  "Level": 0
}
TpTrace Verbose: 0 : 48900, 4, 2021/07/20, 19:13:57.332, 16592242719638, vstest.console.dll, DataCollectionRequestSender.SendBeforeTestRunStartAndGetResult : Received message: (DataCollection.BeforeTestRunStartResult) -> {
  "EnvironmentVariables": {},
  "DataCollectionEventsPort": 61995
}
TpTrace Information: 0 : 48900, 4, 2021/07/20, 19:13:57.337, 16592242765704, vstest.console.dll, ProxyDataCollectionManager.BeforeTestRunStart: SendBeforeTestRunStartAndGetResult successful, env variable from datacollector:   and testhost port: 61995
TpTrace Information: 0 : 48900, 4, 2021/07/20, 19:13:57.337, 16592242767791, vstest.console.dll, ProxyDataCollectionManager.InvokeDataCollectionServiceAction: Completed.
TpTrace Verbose: 0 : 48900, 1, 2021/07/20, 19:13:57.337, 16592242770249, vstest.console.dll, TestRunRequest.ExecuteAsync: Creating test run request.
TpTrace Verbose: 0 : 48900, 1, 2021/07/20, 19:13:57.337, 16592242774046, vstest.console.dll, TestRunRequest.ExecuteAsync: Starting.
TpTrace Information: 0 : 48900, 1, 2021/07/20, 19:13:57.338, 16592242778093, vstest.console.dll, TestRunRequest.ExecuteAsync: Starting run with settings:TestRunCriteria:
   KeepAlive=False,FrequencyOfRunStatsChangeEvent=10,RunStatsChangeEventTimeout=00:00:01.5000000,TestCaseFilter=,TestExecutorLauncher=
   Settingsxml=<RunSettings>
  <RunConfiguration>
    <ResultsDirectory>C:\Users\kspk1\OneDrive\Desktop\Jagadish\CTS\new\TreatmentMicroservice\TreatmentMicroserviceTesting\bin\Debug\netcoreapp3.1\fine-code-coverage\coverage-tool-output</ResultsDirectory>
    <TargetPlatform>X64</TargetPlatform>
    <TargetFrameworkVersion>.NETCoreApp,Version=v3.1</TargetFrameworkVersion>
    <DesignMode>False</DesignMode>
    <CollectSourceInformation>False</CollectSourceInformation>
  </RunConfiguration>
  <LoggerRunSettings>
    <Loggers>
      <Logger friendlyName="blame" enabled="True" />
      <Logger friendlyName="Console" uri="logger://microsoft/TestPlatform/ConsoleLogger/v1" assemblyQualifiedName="Microsoft.VisualStudio.TestPlatform.CommandLine.Internal.ConsoleLogger, vstest.console, Version=15.0.0.0, Culture=neutral, PublicKeyToken=b03f5f7f11d50a3a" codeBase="C:\Program Files\dotnet\sdk\5.0.203\vstest.console.dll" enabled="True" />
    </Loggers>
  </LoggerRunSettings>
  <DataCollectionRunSettings>
    <DataCollectors>
      <DataCollector friendlyName="blame" enabled="True">
        <Configuration>
          <ResultsDirectory>C:\Users\kspk1\OneDrive\Desktop\Jagadish\CTS\new\TreatmentMicroservice\TreatmentMicroserviceTesting\bin\Debug\netcoreapp3.1\fine-code-coverage\coverage-tool-output</ResultsDirectory>
        </Configuration>
      </DataCollector>
    </DataCollectors>
  </DataCollectionRunSettings>
</RunSettings>

TpTrace Verbose: 0 : 48900, 1, 2021/07/20, 19:13:57.338, 16592242779837, vstest.console.dll, TestRunRequest.ExecuteAsync: Wait for the first run request is over.
TpTrace Verbose: 0 : 48900, 1, 2021/07/20, 19:13:57.339, 16592242785576, vstest.console.dll, ParallelProxyExecutionManager: Start execution. Total sources: 1
TpTrace Information: 0 : 48900, 1, 2021/07/20, 19:13:57.340, 16592242795160, vstest.console.dll, ProxyParallelExecutionManager: Triggering test run for next source: C:\Users\kspk1\OneDrive\Desktop\Jagadish\CTS\new\TreatmentMicroservice\TreatmentMicroserviceTesting\bin\Debug\netcoreapp3.1\fine-code-coverage\build-output\TreatmentMicroserviceTesting.dll
TpTrace Verbose: 0 : 48900, 6, 2021/07/20, 19:13:57.340, 16592242798344, vstest.console.dll, ParallelProxyExecutionManager: Execution started. Started clients: 1
TpTrace Verbose: 0 : 48900, 1, 2021/07/20, 19:13:57.340, 16592242799066, vstest.console.dll, ProxyParallelExecutionManager: No sources available for execution.
TpTrace Information: 0 : 48900, 1, 2021/07/20, 19:13:57.340, 16592242802193, vstest.console.dll, TestRunRequest.ExecuteAsync: Started.
TpTrace Verbose: 0 : 48900, 1, 2021/07/20, 19:13:57.340, 16592242804550, vstest.console.dll, TestRunRequest.WaitForCompletion: Waiting with timeout -1.
TpTrace Verbose: 0 : 48900, 6, 2021/07/20, 19:13:57.340, 16592242804473, vstest.console.dll, TestRunRequest:SendTestRunMessage: Starting.
TpTrace Information: 0 : 48900, 6, 2021/07/20, 19:13:57.341, 16592242808681, vstest.console.dll, TestRunRequest:SendTestRunMessage: Completed.
TpTrace Verbose: 0 : 48900, 6, 2021/07/20, 19:13:57.341, 16592242812017, vstest.console.dll, ProxyExecutionManager: Test host is always Lazy initialize.
TpTrace Verbose: 0 : 48900, 6, 2021/07/20, 19:13:57.342, 16592242816735, vstest.console.dll, TestRequestSender.InitializeCommunication: initialize communication. 
TpTrace Information: 0 : 48900, 6, 2021/07/20, 19:13:57.342, 16592242824113, vstest.console.dll, SocketServer.Start: Listening on endpoint : 127.0.0.1:61996
TpTrace Verbose: 0 : 48900, 6, 2021/07/20, 19:13:57.344, 16592242836656, vstest.console.dll, DotnetTestHostmanager: Adding  --runtimeconfig "C:\Users\kspk1\OneDrive\Desktop\Jagadish\CTS\new\TreatmentMicroservice\TreatmentMicroserviceTesting\bin\Debug\netcoreapp3.1\fine-code-coverage\build-output\TreatmentMicroserviceTesting.runtimeconfig.json" in args
TpTrace Verbose: 0 : 48900, 6, 2021/07/20, 19:13:57.344, 16592242840035, vstest.console.dll, DotnetTestHostmanager: Adding  --depsfile "C:\Users\kspk1\OneDrive\Desktop\Jagadish\CTS\new\TreatmentMicroservice\TreatmentMicroserviceTesting\bin\Debug\netcoreapp3.1\fine-code-coverage\build-output\TreatmentMicroserviceTesting.deps.json" in args
TpTrace Information: 0 : 48900, 6, 2021/07/20, 19:13:57.345, 16592242845723, vstest.console.dll, AssemblyResolver.OnResolve: Microsoft.Extensions.DependencyModel: Resolving assembly.
TpTrace Information: 0 : 48900, 6, 2021/07/20, 19:13:57.347, 16592242865455, vstest.console.dll, AssemblyResolver.OnResolve: Resolved assembly: Microsoft.Extensions.DependencyModel, from path: C:\Program Files\dotnet\sdk\5.0.203\Microsoft.Extensions.DependencyModel.dll
TpTrace Verbose: 0 : 48900, 6, 2021/07/20, 19:13:57.347, 16592242871280, vstest.console.dll, DotnetTestHostmanager: Reading file C:\Users\kspk1\OneDrive\Desktop\Jagadish\CTS\new\TreatmentMicroservice\TreatmentMicroserviceTesting\bin\Debug\netcoreapp3.1\fine-code-coverage\build-output\TreatmentMicroserviceTesting.deps.json to get path of testhost.dll
TpTrace Verbose: 0 : 48900, 6, 2021/07/20, 19:13:57.382, 16592243220565, vstest.console.dll, DotnetTestHostmanager: Relative path of testhost.dll with respect to package folder is microsoft.testplatform.testhost/16.5.0\lib/netcoreapp2.1/testhost.dll
TpTrace Verbose: 0 : 48900, 6, 2021/07/20, 19:13:57.383, 16592243231206, vstest.console.dll, DotnetTestHostmanager: Looking for path microsoft.testplatform.testhost/16.5.0\lib/netcoreapp2.1/testhost.dll in folder C:\Users\kspk1\.dotnet\store\|arch|\|tfm|
TpTrace Verbose: 0 : 48900, 6, 2021/07/20, 19:13:57.384, 16592243235240, vstest.console.dll, DotnetTestHostmanager: Looking for path microsoft.testplatform.testhost/16.5.0\lib/netcoreapp2.1/testhost.dll in folder C:\Users\kspk1\.nuget\packages
TpTrace Verbose: 0 : 48900, 6, 2021/07/20, 19:13:57.384, 16592243240872, vstest.console.dll, DotnetTestHostManager: Testhost.exe/testhost.x86.exe found at path: C:\Users\kspk1\.nuget\packages\microsoft.testplatform.testhost\16.5.0\build\netcoreapp2.1\x64\testhost.exe
TpTrace Verbose: 0 : 48900, 6, 2021/07/20, 19:13:57.384, 16592243242282, vstest.console.dll, DotnetTestHostmanager: Full path of host exe is C:\Users\kspk1\.nuget\packages\microsoft.testplatform.testhost\16.5.0\build\netcoreapp2.1\x64\testhost.exe
TpTrace Verbose: 0 : 48900, 4, 2021/07/20, 19:13:57.386, 16592243254951, vstest.console.dll, DotnetTestHostManager: Starting process 'C:\Users\kspk1\.nuget\packages\microsoft.testplatform.testhost\16.5.0\build\netcoreapp2.1\x64\testhost.exe' with command line ' --runtimeconfig "C:\Users\kspk1\OneDrive\Desktop\Jagadish\CTS\new\TreatmentMicroservice\TreatmentMicroserviceTesting\bin\Debug\netcoreapp3.1\fine-code-coverage\build-output\TreatmentMicroserviceTesting.runtimeconfig.json" --depsfile "C:\Users\kspk1\OneDrive\Desktop\Jagadish\CTS\new\TreatmentMicroservice\TreatmentMicroserviceTesting\bin\Debug\netcoreapp3.1\fine-code-coverage\build-output\TreatmentMicroserviceTesting.deps.json" --port 61996 --endpoint 127.0.0.1:061996 --role client --parentprocessid 48900 --diag "C:\Users\kspk1\OneDrive\Desktop\Jagadish\CTS\new\TreatmentMicroservice\TreatmentMicroserviceTesting\bin\Debug\netcoreapp3.1\fine-code-coverage\coverage-tool-output\diagnostics.host.21-07-20_19-13-57_34347_6.log" --tracelevel 4 --datacollectionport 61995 --telemetryoptedin false'
TpTrace Verbose: 0 : 48900, 4, 2021/07/20, 19:13:57.392, 16592243320876, vstest.console.dll, Test Runtime launched
TpTrace Verbose: 0 : 48900, 6, 2021/07/20, 19:13:57.393, 16592243331927, vstest.console.dll, TestRequestSender.WaitForRequestHandlerConnection: waiting for connection with timeout: 90000
TpTrace Verbose: 0 : 48900, 14, 2021/07/20, 19:13:57.709, 16592246489730, vstest.console.dll, SocketServer.OnClientConnected: Client connected for endPoint: 127.0.0.1:61996, starting MessageLoopAsync:
TpTrace Verbose: 0 : 48900, 4, 2021/07/20, 19:13:57.709, 16592246494329, vstest.console.dll, TcpClientExtensions.MessageLoopAsync: Polling on remoteEndPoint: 127.0.0.1:61997 localEndPoint: 127.0.0.1:61996
TpTrace Verbose: 0 : 48900, 4, 2021/07/20, 19:13:57.961, 16592249012350, vstest.console.dll, TcpClientExtensions.MessageLoopAsync: NotifyDataAvailable remoteEndPoint: 127.0.0.1:61997 localEndPoint: 127.0.0.1:61996
TpTrace Verbose: 0 : 48900, 4, 2021/07/20, 19:13:57.962, 16592249016583, vstest.console.dll, TestRequestSender.CheckVersionWithTestHost: onMessageReceived received message: (ProtocolVersion) -> 2
TpTrace Verbose: 0 : 48900, 4, 2021/07/20, 19:13:57.963, 16592249024950, vstest.console.dll, TcpClientExtensions.MessageLoopAsync: Polling on remoteEndPoint: 127.0.0.1:61997 localEndPoint: 127.0.0.1:61996
TpTrace Verbose: 0 : 48900, 6, 2021/07/20, 19:13:57.963, 16592249026721, vstest.console.dll, TestPluginCache.GetExtensionPaths: Filtered extension paths: 
TpTrace Verbose: 0 : 48900, 6, 2021/07/20, 19:13:57.963, 16592249030066, vstest.console.dll, TestPluginCache.GetExtensionPaths: Added default extension paths: C:\Program Files\dotnet\sdk\5.0.203\Extensions\Microsoft.Diagnostics.NETCore.Client.dll
C:\Program Files\dotnet\sdk\5.0.203\Extensions\Microsoft.TestPlatform.Extensions.BlameDataCollector.dll
C:\Program Files\dotnet\sdk\5.0.203\Extensions\Microsoft.TestPlatform.Extensions.EventLogCollector.dll
C:\Program Files\dotnet\sdk\5.0.203\Extensions\Microsoft.TestPlatform.TestHostRuntimeProvider.dll
C:\Program Files\dotnet\sdk\5.0.203\Extensions\Microsoft.VisualStudio.TestPlatform.Extensions.Html.TestLogger.dll
C:\Program Files\dotnet\sdk\5.0.203\Extensions\Microsoft.VisualStudio.TestPlatform.Extensions.Trx.TestLogger.dll
TpTrace Verbose: 0 : 48900, 6, 2021/07/20, 19:13:57.963, 16592249032178, vstest.console.dll, TestPluginCache.GetExtensionPaths: Added unfilterableExtensionPaths: 
TpTrace Verbose: 0 : 48900, 6, 2021/07/20, 19:13:57.970, 16592249101990, vstest.console.dll, TestRequestSender.InitializeExecution: Sending initializing execution with message: {"Version":2,"MessageType":"TestExecution.Initialize","Payload":["C:\\Users\\kspk1\\OneDrive\\Desktop\\Jagadish\\CTS\\new\\TreatmentMicroservice\\TreatmentMicroserviceTesting\\bin\\Debug\\netcoreapp3.1\\fine-code-coverage\\build-output\\NUnit3.TestAdapter.dll"]}
TpTrace Verbose: 0 : 48900, 6, 2021/07/20, 19:13:57.985, 16592249249528, vstest.console.dll, TestRequestSender.StartTestRun: Sending test run with message: {"Version":2,"MessageType":"TestExecution.StartWithSources","Payload":{"AdapterSourceMap":{"_none_":["C:\\Users\\kspk1\\OneDrive\\Desktop\\Jagadish\\CTS\\new\\TreatmentMicroservice\\TreatmentMicroserviceTesting\\bin\\Debug\\netcoreapp3.1\\fine-code-coverage\\build-output\\TreatmentMicroserviceTesting.dll"]},"RunSettings":"<RunSettings>\r\n  <RunConfiguration>\r\n    <ResultsDirectory>C:\\Users\\kspk1\\OneDrive\\Desktop\\Jagadish\\CTS\\new\\TreatmentMicroservice\\TreatmentMicroserviceTesting\\bin\\Debug\\netcoreapp3.1\\fine-code-coverage\\coverage-tool-output</ResultsDirectory>\r\n    <TargetPlatform>X64</TargetPlatform>\r\n    <TargetFrameworkVersion>.NETCoreApp,Version=v3.1</TargetFrameworkVersion>\r\n    <DesignMode>False</DesignMode>\r\n    <CollectSourceInformation>False</CollectSourceInformation>\r\n  </RunConfiguration>\r\n  <LoggerRunSettings>\r\n    <Loggers>\r\n      <Logger friendlyName=\"blame\" enabled=\"True\" />\r\n      <Logger friendlyName=\"Console\" uri=\"logger://microsoft/TestPlatform/ConsoleLogger/v1\" assemblyQualifiedName=\"Microsoft.VisualStudio.TestPlatform.CommandLine.Internal.ConsoleLogger, vstest.console, Version=15.0.0.0, Culture=neutral, PublicKeyToken=b03f5f7f11d50a3a\" codeBase=\"C:\\Program Files\\dotnet\\sdk\\5.0.203\\vstest.console.dll\" enabled=\"True\" />\r\n    </Loggers>\r\n  </LoggerRunSettings>\r\n  <DataCollectionRunSettings>\r\n    <DataCollectors>\r\n      <DataCollector friendlyName=\"blame\" enabled=\"True\">\r\n        <Configuration>\r\n          <ResultsDirectory>C:\\Users\\kspk1\\OneDrive\\Desktop\\Jagadish\\CTS\\new\\TreatmentMicroservice\\TreatmentMicroserviceTesting\\bin\\Debug\\netcoreapp3.1\\fine-code-coverage\\coverage-tool-output</ResultsDirectory>\r\n        </Configuration>\r\n      </DataCollector>\r\n    </DataCollectors>\r\n  </DataCollectionRunSettings>\r\n</RunSettings>","TestExecutionContext":{"FrequencyOfRunStatsChangeEvent":10,"RunStatsChangeEventTimeout":"00:00:01.5000000","InIsolation":false,"KeepAlive":false,"AreTestCaseLevelEventsRequired":false,"IsDebug":false,"TestCaseFilter":null,"FilterOptions":null},"Package":null}}
TpTrace Verbose: 0 : 48900, 4, 2021/07/20, 19:13:57.987, 16592249268690, vstest.console.dll, TcpClientExtensions.MessageLoopAsync: NotifyDataAvailable remoteEndPoint: 127.0.0.1:61997 localEndPoint: 127.0.0.1:61996
TpTrace Verbose: 0 : 48900, 4, 2021/07/20, 19:13:57.987, 16592249271348, vstest.console.dll, TestRequestSender.OnExecutionMessageReceived: Received message: {"Version":2,"MessageType":"TestSession.Message","Payload":{"MessageLevel":0,"Message":"Logging TestHost Diagnostics in file: C:\\Users\\kspk1\\OneDrive\\Desktop\\Jagadish\\CTS\\new\\TreatmentMicroservice\\TreatmentMicroserviceTesting\\bin\\Debug\\netcoreapp3.1\\fine-code-coverage\\coverage-tool-output\\diagnostics.host.21-07-20_19-13-57_34347_6.log"}}
TpTrace Verbose: 0 : 48900, 4, 2021/07/20, 19:13:57.990, 16592249302440, vstest.console.dll, TestRunRequest:SendTestRunMessage: Starting.
TpTrace Information: 0 : 48900, 4, 2021/07/20, 19:13:57.991, 16592249305086, vstest.console.dll, TestRunRequest:SendTestRunMessage: Completed.
TpTrace Verbose: 0 : 48900, 4, 2021/07/20, 19:13:57.991, 16592249306710, vstest.console.dll, TcpClientExtensions.MessageLoopAsync: Polling on remoteEndPoint: 127.0.0.1:61997 localEndPoint: 127.0.0.1:61996
TpTrace Verbose: 0 : 48900, 4, 2021/07/20, 19:13:58.222, 16592251619027, vstest.console.dll, TcpClientExtensions.MessageLoopAsync: NotifyDataAvailable remoteEndPoint: 127.0.0.1:61997 localEndPoint: 127.0.0.1:61996
TpTrace Verbose: 0 : 48900, 4, 2021/07/20, 19:13:58.222, 16592251621869, vstest.console.dll, TestRequestSender.OnExecutionMessageReceived: Received message: {"Version":2,"MessageType":"TestSession.Message","Payload":{"MessageLevel":0,"Message":"NUnit Adapter 3.16.1.0: Test execution started"}}
TpTrace Verbose: 0 : 48900, 4, 2021/07/20, 19:13:58.223, 16592251626265, vstest.console.dll, TestRunRequest:SendTestRunMessage: Starting.
TpTrace Information: 0 : 48900, 4, 2021/07/20, 19:13:58.223, 16592251628515, vstest.console.dll, TestRunRequest:SendTestRunMessage: Completed.
TpTrace Verbose: 0 : 48900, 4, 2021/07/20, 19:13:58.223, 16592251630297, vstest.console.dll, TcpClientExtensions.MessageLoopAsync: Polling on remoteEndPoint: 127.0.0.1:61997 localEndPoint: 127.0.0.1:61996
TpTrace Verbose: 0 : 48900, 4, 2021/07/20, 19:13:58.234, 16592251744822, vstest.console.dll, TcpClientExtensions.MessageLoopAsync: NotifyDataAvailable remoteEndPoint: 127.0.0.1:61997 localEndPoint: 127.0.0.1:61996
TpTrace Verbose: 0 : 48900, 4, 2021/07/20, 19:13:58.235, 16592251747734, vstest.console.dll, TestRequestSender.OnExecutionMessageReceived: Received message: {"Version":2,"MessageType":"TestSession.Message","Payload":{"MessageLevel":0,"Message":"Running all tests in C:\\Users\\kspk1\\OneDrive\\Desktop\\Jagadish\\CTS\\new\\TreatmentMicroservice\\TreatmentMicroserviceTesting\\bin\\Debug\\netcoreapp3.1\\fine-code-coverage\\build-output\\TreatmentMicroserviceTesting.dll"}}
TpTrace Verbose: 0 : 48900, 4, 2021/07/20, 19:13:58.235, 16592251751681, vstest.console.dll, TestRunRequest:SendTestRunMessage: Starting.
TpTrace Information: 0 : 48900, 4, 2021/07/20, 19:13:58.235, 16592251753922, vstest.console.dll, TestRunRequest:SendTestRunMessage: Completed.
TpTrace Verbose: 0 : 48900, 4, 2021/07/20, 19:13:58.236, 16592251755786, vstest.console.dll, TcpClientExtensions.MessageLoopAsync: Polling on remoteEndPoint: 127.0.0.1:61997 localEndPoint: 127.0.0.1:61996
TpTrace Verbose: 0 : 48900, 4, 2021/07/20, 19:13:58.764, 16592257044812, vstest.console.dll, TcpClientExtensions.MessageLoopAsync: NotifyDataAvailable remoteEndPoint: 127.0.0.1:61997 localEndPoint: 127.0.0.1:61996
TpTrace Verbose: 0 : 48900, 4, 2021/07/20, 19:13:58.765, 16592257046910, vstest.console.dll, TestRequestSender.OnExecutionMessageReceived: Received message: {"Version":2,"MessageType":"TestSession.Message","Payload":{"MessageLevel":0,"Message":"   NUnit3TestExecutor converted 8 of 8 NUnit test cases"}}
TpTrace Verbose: 0 : 48900, 4, 2021/07/20, 19:13:58.765, 16592257049599, vstest.console.dll, TestRunRequest:SendTestRunMessage: Starting.
TpTrace Information: 0 : 48900, 4, 2021/07/20, 19:13:58.765, 16592257052012, vstest.console.dll, TestRunRequest:SendTestRunMessage: Completed.
TpTrace Verbose: 0 : 48900, 4, 2021/07/20, 19:13:58.765, 16592257053670, vstest.console.dll, TcpClientExtensions.MessageLoopAsync: Polling on remoteEndPoint: 127.0.0.1:61997 localEndPoint: 127.0.0.1:61996
TpTrace Verbose: 0 : 48900, 4, 2021/07/20, 19:13:59.409, 16592263484989, vstest.console.dll, TcpClientExtensions.MessageLoopAsync: NotifyDataAvailable remoteEndPoint: 127.0.0.1:61997 localEndPoint: 127.0.0.1:61996
TpTrace Verbose: 0 : 48900, 4, 2021/07/20, 19:13:59.409, 16592263487235, vstest.console.dll, TestRequestSender.OnExecutionMessageReceived: Received message: {"Version":2,"MessageType":"TestSession.Message","Payload":{"MessageLevel":0,"Message":"NUnit Adapter 3.16.1.0: Test execution complete"}}
TpTrace Verbose: 0 : 48900, 4, 2021/07/20, 19:13:59.409, 16592263490057, vstest.console.dll, TestRunRequest:SendTestRunMessage: Starting.
TpTrace Information: 0 : 48900, 4, 2021/07/20, 19:13:59.409, 16592263491695, vstest.console.dll, TestRunRequest:SendTestRunMessage: Completed.
TpTrace Verbose: 0 : 48900, 4, 2021/07/20, 19:13:59.409, 16592263493163, vstest.console.dll, TcpClientExtensions.MessageLoopAsync: Polling on remoteEndPoint: 127.0.0.1:61997 localEndPoint: 127.0.0.1:61996
TpTrace Verbose: 0 : 48900, 4, 2021/07/20, 19:13:59.482, 16592264221768, vstest.console.dll, TcpClientExtensions.MessageLoopAsync: NotifyDataAvailable remoteEndPoint: 127.0.0.1:61997 localEndPoint: 127.0.0.1:61996
TpTrace Verbose: 0 : 48900, 4, 2021/07/20, 19:13:59.483, 16592264225181, vstest.console.dll, TestRequestSender.OnExecutionMessageReceived: Received message: {"Version":2,"MessageType":"TestExecution.Completed","Payload":{"TestRunCompleteArgs":{"TestRunStatistics":{"ExecutedTests":8,"Stats":{"Passed":8}},"IsCanceled":false,"IsAborted":false,"Error":null,"AttachmentSets":[],"ElapsedTimeInRunningTests":"00:00:01.2192401","Metrics":{}},"LastRunTests":{"NewTestResults":[{"TestCase":{"Id":"abf49e45-0bc6-e6da-55ae-2f719721be21","FullyQualifiedName":"TreatmentMicroserviceTest.TreatmentValidTests.GeneratePlanDetails_ValidData()","DisplayName":"GeneratePlanDetails_ValidData()","ExecutorUri":"executor://NUnit3TestExecutor","Source":"C:\\Users\\kspk1\\OneDrive\\Desktop\\Jagadish\\CTS\\new\\TreatmentMicroservice\\TreatmentMicroserviceTesting\\bin\\Debug\\netcoreapp3.1\\fine-code-coverage\\build-output\\TreatmentMicroserviceTesting.dll","CodeFilePath":null,"LineNumber":0,"Properties":[]},"Attachments":[],"Outcome":1,"ErrorMessage":null,"ErrorStackTrace":null,"DisplayName":"GeneratePlanDetails_ValidData()","Messages":[],"ComputerName":"PRASANTH-DELL","Duration":"00:00:00.4876360","StartTime":"2021-07-20T13:43:58+00:00","EndTime":"2021-07-20T13:43:59+00:00","Properties":[]},{"TestCase":{"Id":"3e911b31-812f-7843-c4ca-43b7bb46f86d","FullyQualifiedName":"TreatmentMicroserviceTest.TreatmentValidTests.SaveAll_ValidData()","DisplayName":"SaveAll_ValidData()","ExecutorUri":"executor://NUnit3TestExecutor","Source":"C:\\Users\\kspk1\\OneDrive\\Desktop\\Jagadish\\CTS\\new\\TreatmentMicroservice\\TreatmentMicroserviceTesting\\bin\\Debug\\netcoreapp3.1\\fine-code-coverage\\build-output\\TreatmentMicroserviceTesting.dll","CodeFilePath":null,"LineNumber":0,"Properties":[]},"Attachments":[],"Outcome":1,"ErrorMessage":null,"ErrorStackTrace":null,"DisplayName":"SaveAll_ValidData()","Messages":[],"ComputerName":"PRASANTH-DELL","Duration":"00:00:00.0442450","StartTime":"2021-07-20T13:43:59+00:00","EndTime":"2021-07-20T13:43:59+00:00","Properties":[]},{"TestCase":{"Id":"d49dff20-489d-5c26-a5c8-e3151d6509bb","FullyQualifiedName":"TreatmentMicroserviceTest.TreatmentValidTests.TestingGetPackageList_Returns_ValidPackageList","DisplayName":"TestingGetPackageList_Returns_ValidPackageList","ExecutorUri":"executor://NUnit3TestExecutor","Source":"C:\\Users\\kspk1\\OneDrive\\Desktop\\Jagadish\\CTS\\new\\TreatmentMicroservice\\TreatmentMicroserviceTesting\\bin\\Debug\\netcoreapp3.1\\fine-code-coverage\\build-output\\TreatmentMicroserviceTesting.dll","CodeFilePath":null,"LineNumber":0,"Properties":[]},"Attachments":[],"Outcome":1,"ErrorMessage":null,"ErrorStackTrace":null,"DisplayName":"TestingGetPackageList_Returns_ValidPackageList","Messages":[],"ComputerName":"PRASANTH-DELL","Duration":"00:00:00.0116980","StartTime":"2021-07-20T13:43:59+00:00","EndTime":"2021-07-20T13:43:59+00:00","Properties":[]},{"TestCase":{"Id":"829a427c-8cb6-df4f-c1f7-b9b4ec33cf37","FullyQualifiedName":"TreatmentMicroserviceTest.TreatmentValidTests.TestingGetSpecialists_Returns_SpecialistsList","DisplayName":"TestingGetSpecialists_Returns_SpecialistsList","ExecutorUri":"executor://NUnit3TestExecutor","Source":"C:\\Users\\kspk1\\OneDrive\\Desktop\\Jagadish\\CTS\\new\\TreatmentMicroservice\\TreatmentMicroserviceTesting\\bin\\Debug\\netcoreapp3.1\\fine-code-coverage\\build-output\\TreatmentMicroserviceTesting.dll","CodeFilePath":null,"LineNumber":0,"Properties":[]},"Attachments":[],"Outcome":1,"ErrorMessage":null,"ErrorStackTrace":null,"DisplayName":"TestingGetSpecialists_Returns_SpecialistsList","Messages":[],"ComputerName":"PRASANTH-DELL","Duration":"00:00:00.0020460","StartTime":"2021-07-20T13:43:59+00:00","EndTime":"2021-07-20T13:43:59+00:00","Properties":[]},{"TestCase":{"Id":"4bf3ab8c-caa1-86bc-40cf-58d774b516ae","FullyQualifiedName":"TreatmentMicroserviceTesting.TreatmentInvalidTests.GeneratePlanDetails_InValidData","DisplayName":"GeneratePlanDetails_InValidData","ExecutorUri":"executor://NUnit3TestExecutor","Source":"C:\\Users\\kspk1\\OneDrive\\Desktop\\Jagadish\\CTS\\new\\TreatmentMicroservice\\TreatmentMicroserviceTesting\\bin\\Debug\\netcoreapp3.1\\fine-code-coverage\\build-output\\TreatmentMicroserviceTesting.dll","CodeFilePath":null,"LineNumber":0,"Properties":[]},"Attachments":[],"Outcome":1,"ErrorMessage":null,"ErrorStackTrace":null,"DisplayName":"GeneratePlanDetails_InValidData","Messages":[],"ComputerName":"PRASANTH-DELL","Duration":"00:00:00.0090630","StartTime":"2021-07-20T13:43:59+00:00","EndTime":"2021-07-20T13:43:59+00:00","Properties":[]},{"TestCase":{"Id":"01e6f928-ae87-80ca-cf07-85c40ab4ac9d","FullyQualifiedName":"TreatmentMicroserviceTesting.TreatmentInvalidTests.SaveAll_InValidData","DisplayName":"SaveAll_InValidData","ExecutorUri":"executor://NUnit3TestExecutor","Source":"C:\\Users\\kspk1\\OneDrive\\Desktop\\Jagadish\\CTS\\new\\TreatmentMicroservice\\TreatmentMicroserviceTesting\\bin\\Debug\\netcoreapp3.1\\fine-code-coverage\\build-output\\TreatmentMicroserviceTesting.dll","CodeFilePath":null,"LineNumber":0,"Properties":[]},"Attachments":[],"Outcome":1,"ErrorMessage":null,"ErrorStackTrace":null,"DisplayName":"SaveAll_InValidData","Messages":[],"ComputerName":"PRASANTH-DELL","Duration":"00:00:00.0158630","StartTime":"2021-07-20T13:43:59+00:00","EndTime":"2021-07-20T13:43:59+00:00","Properties":[]},{"TestCase":{"Id":"43fb4202-4ccf-6f79-3a59-4a3c83ae3b56","FullyQualifiedName":"TreatmentMicroserviceTesting.TreatmentInvalidTests.TestingGetPackageList_Returns_InValidPackageList","DisplayName":"TestingGetPackageList_Returns_InValidPackageList","ExecutorUri":"executor://NUnit3TestExecutor","Source":"C:\\Users\\kspk1\\OneDrive\\Desktop\\Jagadish\\CTS\\new\\TreatmentMicroservice\\TreatmentMicroserviceTesting\\bin\\Debug\\netcoreapp3.1\\fine-code-coverage\\build-output\\TreatmentMicroserviceTesting.dll","CodeFilePath":null,"LineNumber":0,"Properties":[]},"Attachments":[],"Outcome":1,"ErrorMessage":null,"ErrorStackTrace":null,"DisplayName":"TestingGetPackageList_Returns_InValidPackageList","Messages":[],"ComputerName":"PRASANTH-DELL","Duration":"00:00:00.0029150","StartTime":"2021-07-20T13:43:59+00:00","EndTime":"2021-07-20T13:43:59+00:00","Properties":[]},{"TestCase":{"Id":"b7347e3c-5972-e602-4389-97ba6a43f97f","FullyQualifiedName":"TreatmentMicroserviceTesting.TreatmentInvalidTests.TestingGetSpecialists_Returns_InvalidSpecialistsList","DisplayName":"TestingGetSpecialists_Returns_InvalidSpecialistsList","ExecutorUri":"executor://NUnit3TestExecutor","Source":"C:\\Users\\kspk1\\OneDrive\\Desktop\\Jagadish\\CTS\\new\\TreatmentMicroservice\\TreatmentMicroserviceTesting\\bin\\Debug\\netcoreapp3.1\\fine-code-coverage\\build-output\\TreatmentMicroserviceTesting.dll","CodeFilePath":null,"LineNumber":0,"Properties":[]},"Attachments":[],"Outcome":1,"ErrorMessage":null,"ErrorStackTrace":null,"DisplayName":"TestingGetSpecialists_Returns_InvalidSpecialistsList","Messages":[],"ComputerName":"PRASANTH-DELL","Duration":"00:00:00.0015280","StartTime":"2021-07-20T13:43:59+00:00","EndTime":"2021-07-20T13:43:59+00:00","Properties":[]}],"TestRunStatistics":{"ExecutedTests":8,"Stats":{"Passed":8}},"ActiveTests":[]},"RunAttachments":[],"ExecutorUris":["executor://nunit3testexecutor/"]}}
TpTrace Verbose: 0 : 48900, 4, 2021/07/20, 19:13:59.487, 16592264269697, vstest.console.dll, TestRequestSender.EndSession: Sending end session.
TpTrace Verbose: 0 : 48900, 4, 2021/07/20, 19:13:59.487, 16592264272842, vstest.console.dll, ProxyOperationManager.Close: waiting for test host to exit for 100 ms
TpTrace Warning: 0 : 48900, 12, 2021/07/20, 19:13:59.555, 16592264949978, vstest.console.dll, TestHostManagerCallbacks.ErrorReceivedCallback Test host standard error line: 
TpTrace Verbose: 0 : 48900, 7, 2021/07/20, 19:13:59.570, 16592265102605, vstest.console.dll, TestHostProvider.ExitCallBack: Host exited starting callback.
TpTrace Information: 0 : 48900, 7, 2021/07/20, 19:13:59.571, 16592265112521, vstest.console.dll, TestHostManagerCallbacks.ExitCallBack: Testhost processId: 57644 exited with exitcode: 0 error: ''
TpTrace Verbose: 0 : 48900, 7, 2021/07/20, 19:13:59.571, 16592265114759, vstest.console.dll, DotnetTestHostManager.OnHostExited: invoking OnHostExited callback
TpTrace Verbose: 0 : 48900, 7, 2021/07/20, 19:13:59.572, 16592265116813, vstest.console.dll, CrossPlatEngine.TestHostManagerHostExited: calling on client process exit callback.
TpTrace Information: 0 : 48900, 7, 2021/07/20, 19:13:59.572, 16592265119122, vstest.console.dll, TestRequestSender.OnClientProcessExit: Test host process exited. Standard error: 
TpTrace Warning: 0 : 48900, 4, 2021/07/20, 19:13:59.572, 16592265119103, vstest.console.dll, ProxyOperationManager: Timed out waiting for test host to exit. Will terminate process.
TpTrace Information: 0 : 48900, 7, 2021/07/20, 19:13:59.572, 16592265121195, vstest.console.dll, SocketServer.Stop: Stop server endPoint: 127.0.0.1:61996
TpTrace Information: 0 : 48900, 7, 2021/07/20, 19:13:59.573, 16592265124842, vstest.console.dll, SocketServer.Stop: Cancellation requested. Stopping message loop.
TpTrace Verbose: 0 : 48900, 4, 2021/07/20, 19:13:59.574, 16592265136175, vstest.console.dll, ProxyDataCollectionManager.InvokeDataCollectionServiceAction: Starting.
TpTrace Information: 0 : 48900, 4, 2021/07/20, 19:13:59.574, 16592265138113, vstest.console.dll, ProxyDataCollectionManager.AfterTestRunEnd: Get attachment set for datacollector processId: 38140 port: 61993
TpTrace Verbose: 0 : 48900, 4, 2021/07/20, 19:13:59.574, 16592265141377, vstest.console.dll, DataCollectionRequestSender.SendAfterTestRunStartAndGetResult : Send AfterTestRunEnd message with isCancelled: False
TpTrace Verbose: 0 : 48900, 4, 2021/07/20, 19:13:59.581, 16592265205069, vstest.console.dll, DataCollectionRequestSender.SendAfterTestRunStartAndGetResult : Received message: (DataCollection.AfterTestRunEndResult) -> {
  "AttachmentSets": [],
  "Metrics": {}
}
TpTrace Information: 0 : 48900, 4, 2021/07/20, 19:13:59.584, 16592265242025, vstest.console.dll, ProxyDataCollectionManager.InvokeDataCollectionServiceAction: Completed.
TpTrace Warning: 0 : 48900, 9, 2021/07/20, 19:13:59.593, 16592265330182, vstest.console.dll, DataCollectionLauncher.ErrorReceivedCallback datacollector standard error line: 
TpTrace Information: 0 : 48900, 7, 2021/07/20, 19:13:59.600, 16592265398193, vstest.console.dll, DataCollectionLauncher.ExitCallBack: Data collector exited with exitcode: 0 error: ''
TpTrace Verbose: 0 : 48900, 4, 2021/07/20, 19:13:59.650, 16592265903767, vstest.console.dll, TestRunRequest:SendTestRunStatsChange: Starting.
TpTrace Information: 0 : 48900, 4, 2021/07/20, 19:13:59.651, 16592265907427, vstest.console.dll, TestRunRequest:SendTestRunStatsChange: Completed.
TpTrace Verbose: 0 : 48900, 4, 2021/07/20, 19:13:59.651, 16592265910170, vstest.console.dll, ParallelProxyExecutionManager: HandlePartialRunComplete: Total completed clients = 1, Run complete = True, Run canceled: False.
TpTrace Verbose: 0 : 48900, 4, 2021/07/20, 19:13:59.671, 16592266110449, vstest.console.dll, TestRunRequest:TestRunComplete: Starting. IsAborted:False IsCanceled:False.
TpTrace Verbose: 0 : 48900, 4, 2021/07/20, 19:13:59.671, 16592266114820, vstest.console.dll, TestLoggerManager.HandleTestRunComplete: Ignoring as the object is disposed.
TpTrace Information: 0 : 48900, 4, 2021/07/20, 19:13:59.672, 16592266121434, vstest.console.dll, TestRunRequest:TestRunComplete: Completed.
TpTrace Verbose: 0 : 48900, 4, 2021/07/20, 19:13:59.672, 16592266123192, vstest.console.dll, TestRequestSender.SetOperationComplete: Setting operation complete.
TpTrace Information: 0 : 48900, 4, 2021/07/20, 19:13:59.672, 16592266124418, vstest.console.dll, SocketServer.Stop: Stop server endPoint: 127.0.0.1:61996
TpTrace Information: 0 : 48900, 4, 2021/07/20, 19:13:59.673, 16592266125618, vstest.console.dll, SocketServer.Stop: Cancellation requested. Stopping message loop.
TpTrace Information: 0 : 48900, 4, 2021/07/20, 19:13:59.673, 16592266126920, vstest.console.dll, SocketServer.PrivateStop: Stop server endPoint: 127.0.0.1:61996 error: 
TpTrace Verbose: 0 : 48900, 1, 2021/07/20, 19:13:59.672, 16592266121989, vstest.console.dll, TestRunRequest.Dispose: Starting.
TpTrace Information: 0 : 48900, 1, 2021/07/20, 19:13:59.673, 16592266130389, vstest.console.dll, TestRunRequest.Dispose: Completed.
TpTrace Information: 0 : 48900, 1, 2021/07/20, 19:13:59.673, 16592266132259, vstest.console.dll, TestRequestManager.RunTests: run tests completed.
TpTrace Information: 0 : 48900, 1, 2021/07/20, 19:13:59.673, 16592266134485, vstest.console.dll, RunTestsArgumentProcessor:Execute: Test run is completed.
TpTrace Verbose: 0 : 48900, 4, 2021/07/20, 19:13:59.674, 16592266135833, vstest.console.dll, LengthPrefixCommunicationChannel.Dispose: Dispose reader and writer.
TpTrace Verbose: 0 : 48900, 1, 2021/07/20, 19:13:59.674, 16592266137950, vstest.console.dll, Executor.Execute: Exiting with exit code of 0
TpTrace Information: 0 : 48900, 4, 2021/07/20, 19:13:59.674, 16592266137973, vstest.console.dll, SocketServer.Stop: Raise disconnected event endPoint: 127.0.0.1:61996 error: 
TpTrace Verbose: 0 : 48900, 4, 2021/07/20, 19:13:59.674, 16592266142181, vstest.console.dll, TestRequestSender: OnTestRunAbort: Operation is already complete. Skip error message.
TpTrace Verbose: 0 : 48900, 4, 2021/07/20, 19:13:59.674, 16592266144377, vstest.console.dll, TcpClientExtensions.MessageLoopAsync: exiting MessageLoopAsync remoteEndPoint: 127.0.0.1:61997 localEndPoint: 127.0.0.1:61996
